#
# There is insufficient memory for the Java Runtime Environment to continue.
# Native memory allocation (mmap) failed to map 268435456 bytes. Error detail: G1 virtual space
# Possible reasons:
#   The system is out of physical RAM or swap space
#   This process is running with CompressedOops enabled, and the Java Heap may be blocking the growth of the native heap
# Possible solutions:
#   Reduce memory load on the system
#   Increase physical memory or swap space
#   Check if swap backing store is full
#   Decrease Java heap size (-Xmx/-Xms)
#   Decrease number of Java threads
#   Decrease Java thread stack sizes (-Xss)
#   Set larger code cache with -XX:ReservedCodeCacheSize=
#   JVM is running with Zero Based Compressed Oops mode in which the Java heap is
#     placed in the first 32GB address space. The Java Heap base address is the
#     maximum limit for the native heap growth. Please use -XX:HeapBaseMinAddress
#     to set the Java Heap base and to place the Java Heap above 32GB virtual address.
# This output file may be truncated or incomplete.
#
#  Out of Memory Error (os_windows.cpp:3898), pid=2664, tid=1240
#
# JRE version:  (21.0.6) (build )
# Java VM: OpenJDK 64-Bit Server VM (21.0.6+-13368085-b895.109, mixed mode, sharing, tiered, compressed oops, compressed class ptrs, g1 gc, windows-amd64)
# No core dump will be written. Minidumps are not enabled by default on client versions of Windows
#

---------------  S U M M A R Y ------------

Command Line: git4idea.http.GitAskPassApp Username for 'https://github.com': 

Host: Intel(R) Core(TM) i5-9300H CPU @ 2.40GHz, 8 cores, 15G,  Windows 11 , 64 bit Build 22621 (10.0.22621.4830)
Time: Fri May 30 17:13:16 2025 India Standard Time elapsed time: 0.011245 seconds (0d 0h 0m 0s)

---------------  T H R E A D  ---------------

Current thread (0x000002149cdb2570):  JavaThread "Unknown thread" [_thread_in_vm, id=1240, stack(0x0000004c9d300000,0x0000004c9d400000) (1024K)]

Stack: [0x0000004c9d300000,0x0000004c9d400000]
Native frames: (J=compiled Java code, j=interpreted, Vv=VM code, C=native code)
V  [jvm.dll+0x6d0639]
V  [jvm.dll+0x85eb03]
V  [jvm.dll+0x86105e]
V  [jvm.dll+0x861743]
V  [jvm.dll+0x27e6e6]
V  [jvm.dll+0x6ccfd5]
V  [jvm.dll+0x6c0a8a]
V  [jvm.dll+0x35537b]
V  [jvm.dll+0x35cfd6]
V  [jvm.dll+0x3aef86]
V  [jvm.dll+0x3af258]
V  [jvm.dll+0x327a2c]
V  [jvm.dll+0x32871b]
V  [jvm.dll+0x826549]
V  [jvm.dll+0x3bc158]
V  [jvm.dll+0x80f7f8]
V  [jvm.dll+0x45035e]
V  [jvm.dll+0x451ac1]
C  [jli.dll+0x52ab]
C  [ucrtbase.dll+0x29333]
C  [KERNEL32.DLL+0x1259d]
C  [ntdll.dll+0x5af38]


---------------  P R O C E S S  ---------------

Threads class SMR info:
_java_thread_list=0x00007ffea5b61848, length=0, elements={
}

Java Threads: ( => current thread )
Total: 0

Other Threads:
  0x000002149f1a2fe0 WorkerThread "GC Thread#0"                     [id=3584, stack(0x0000004c9d400000,0x0000004c9d500000) (1024K)]
  0x000002149f1b3e50 ConcurrentGCThread "G1 Main Marker"            [id=11172, stack(0x0000004c9d500000,0x0000004c9d600000) (1024K)]
  0x000002149f1b4950 WorkerThread "G1 Conc#0"                       [id=11140, stack(0x0000004c9d600000,0x0000004c9d700000) (1024K)]

[error occurred during error reporting (printing all threads), id 0xc0000005, EXCEPTION_ACCESS_VIOLATION (0xc0000005) at pc=0x00007ffea535aa87]
VM state: not at safepoint (not fully initialized)

VM Mutex/Monitor currently owned by a thread:  ([mutex/lock_event])
[0x00007ffea5bce4a0] Heap_lock - owner thread: 0x000002149cdb2570

Heap address: 0x0000000701600000, size: 4074 MB, Compressed Oops mode: Zero based, Oop shift amount: 3

CDS archive(s) mapped at: [0x0000000000000000-0x0000000000000000-0x0000000000000000), size 0, SharedBaseAddress: 0x0000000800000000, ArchiveRelocationMode: 1.
Narrow klass base: 0x0000000000000000, Narrow klass shift: 0, Narrow klass range: 0x0

GC Precious Log:
 CardTable entry size: 512
 Card Set container configuration: InlinePtr #cards 4 size 8 Array Of Cards #cards 16 size 48 Howl #buckets 8 coarsen threshold 3686 Howl Bitmap #cards 512 size 80 coarsen threshold 460 Card regions per heap region 1 cards per card region 4096

Heap:
 garbage-first heap   total 0K, used 0K [0x0000000701600000, 0x0000000800000000)
  region size 2048K, 0 young (0K), 0 survivors (0K)
 Metaspace       used 0K, committed 0K, reserved 0K
  class space    used 0K, committed 0K, reserved 0K

Heap Regions: E=young(eden), S=young(survivor), O=old, HS=humongous(starts), HC=humongous(continues), CS=collection set, F=free, TAMS=top-at-mark-start, PB=parsable bottom

Card table byte_map: [0x00000214b1dd0000,0x00000214b25d0000] _byte_map_base: 0x00000214ae5c5000

Marking Bits: (CMBitMap*) 0x000002149f1a36e0
 Bits: [0x00000214b25d0000, 0x00000214b6578000)

GC Heap History (0 events):
No events

Dll operation events (1 events):
Event: 0.006 Loaded shared library C:\Program Files\Android\Android Studio\jbr\bin\java.dll

Deoptimization events (0 events):
No events

Classes loaded (0 events):
No events

Classes unloaded (0 events):
No events

Classes redefined (0 events):
No events

Internal exceptions (0 events):
No events

ZGC Phase Switch (0 events):
No events

VM Operations (0 events):
No events

Memory protections (0 events):
No events

Nmethod flushes (0 events):
No events

Events (0 events):
No events


Dynamic libraries:
0x00007ff6069b0000 - 0x00007ff6069ba000 	C:\Program Files\Android\Android Studio\jbr\bin\java.exe
0x00007ffefee30000 - 0x00007ffeff047000 	C:\WINDOWS\SYSTEM32\ntdll.dll
0x00007ffefd160000 - 0x00007ffefd224000 	C:\WINDOWS\System32\KERNEL32.DLL
0x00007ffefc2d0000 - 0x00007ffefc6a0000 	C:\WINDOWS\System32\KERNELBASE.dll
0x00007ffefc890000 - 0x00007ffefc9a1000 	C:\WINDOWS\System32\ucrtbase.dll
0x00007ffecaca0000 - 0x00007ffecacb8000 	C:\Program Files\Android\Android Studio\jbr\bin\jli.dll
0x00007ffee0800000 - 0x00007ffee081b000 	C:\Program Files\Android\Android Studio\jbr\bin\VCRUNTIME140.dll
0x00007ffefdf60000 - 0x00007ffefe10e000 	C:\WINDOWS\System32\USER32.dll
0x00007ffefc6a0000 - 0x00007ffefc6c6000 	C:\WINDOWS\System32\win32u.dll
0x00007ffefd230000 - 0x00007ffefd259000 	C:\WINDOWS\System32\GDI32.dll
0x00007ffee2090000 - 0x00007ffee2322000 	C:\WINDOWS\WinSxS\amd64_microsoft.windows.common-controls_6595b64144ccf1df_6.0.22621.4830_none_270fe7d773858e80\COMCTL32.dll
0x00007ffefc770000 - 0x00007ffefc88b000 	C:\WINDOWS\System32\gdi32full.dll
0x00007ffefd450000 - 0x00007ffefd4f7000 	C:\WINDOWS\System32\msvcrt.dll
0x00007ffefc6d0000 - 0x00007ffefc76a000 	C:\WINDOWS\System32\msvcp_win.dll
0x00007ffefcfc0000 - 0x00007ffefcff1000 	C:\WINDOWS\System32\IMM32.DLL
0x00007ffef4680000 - 0x00007ffef468c000 	C:\Program Files\Android\Android Studio\jbr\bin\vcruntime140_1.dll
0x00007ffeae620000 - 0x00007ffeae6ad000 	C:\Program Files\Android\Android Studio\jbr\bin\msvcp140.dll
0x00007ffea5020000 - 0x00007ffea5cab000 	C:\Program Files\Android\Android Studio\jbr\bin\server\jvm.dll
0x00007ffefdd40000 - 0x00007ffefddf1000 	C:\WINDOWS\System32\ADVAPI32.dll
0x00007ffefd500000 - 0x00007ffefd5a7000 	C:\WINDOWS\System32\sechost.dll
0x00007ffefcaf0000 - 0x00007ffefcb18000 	C:\WINDOWS\System32\bcrypt.dll
0x00007ffefd260000 - 0x00007ffefd374000 	C:\WINDOWS\System32\RPCRT4.dll
0x00007ffefebd0000 - 0x00007ffefec41000 	C:\WINDOWS\System32\WS2_32.dll
0x00007ffefbe00000 - 0x00007ffefbe4d000 	C:\WINDOWS\SYSTEM32\POWRPROF.dll
0x00007ffef7840000 - 0x00007ffef7874000 	C:\WINDOWS\SYSTEM32\WINMM.dll
0x00007ffef7720000 - 0x00007ffef772a000 	C:\WINDOWS\SYSTEM32\VERSION.dll
0x00007ffefbde0000 - 0x00007ffefbdf3000 	C:\WINDOWS\SYSTEM32\UMPDC.dll
0x00007ffefb0e0000 - 0x00007ffefb0f8000 	C:\WINDOWS\SYSTEM32\kernel.appcore.dll
0x00007ffee2020000 - 0x00007ffee202a000 	C:\Program Files\Android\Android Studio\jbr\bin\jimage.dll
0x00007ffef9c20000 - 0x00007ffef9e52000 	C:\WINDOWS\SYSTEM32\DBGHELP.DLL
0x00007ffefcb20000 - 0x00007ffefceb0000 	C:\WINDOWS\System32\combase.dll
0x00007ffefcee0000 - 0x00007ffefcfb7000 	C:\WINDOWS\System32\OLEAUT32.dll
0x00007ffec6b80000 - 0x00007ffec6bb2000 	C:\WINDOWS\SYSTEM32\dbgcore.DLL
0x00007ffefc250000 - 0x00007ffefc2cb000 	C:\WINDOWS\System32\bcryptPrimitives.dll
0x00007ffee07c0000 - 0x00007ffee07e0000 	C:\Program Files\Android\Android Studio\jbr\bin\java.dll

dbghelp: loaded successfully - version: 4.0.5 - missing functions: none
symbol engine: initialized successfully - sym options: 0x614 - pdb path: .;C:\Program Files\Android\Android Studio\jbr\bin;C:\WINDOWS\SYSTEM32;C:\WINDOWS\WinSxS\amd64_microsoft.windows.common-controls_6595b64144ccf1df_6.0.22621.4830_none_270fe7d773858e80;C:\Program Files\Android\Android Studio\jbr\bin\server

VM Arguments:
java_command: git4idea.http.GitAskPassApp Username for 'https://github.com': 
java_class_path (initial): C:/Program Files/Android/Android Studio/plugins/vcs-git/lib/git4idea-rt.jar;C:/Program Files/Android/Android Studio/lib/externalProcess-rt.jar
Launcher Type: SUN_STANDARD

[Global flags]
     intx CICompilerCount                          = 4                                         {product} {ergonomic}
     uint ConcGCThreads                            = 2                                         {product} {ergonomic}
     uint G1ConcRefinementThreads                  = 8                                         {product} {ergonomic}
   size_t G1HeapRegionSize                         = 2097152                                   {product} {ergonomic}
    uintx GCDrainStackTargetSize                   = 64                                        {product} {ergonomic}
   size_t InitialHeapSize                          = 268435456                                 {product} {ergonomic}
   size_t MarkStackSize                            = 4194304                                   {product} {ergonomic}
   size_t MaxHeapSize                              = 4271898624                                {product} {ergonomic}
   size_t MinHeapDeltaBytes                        = 2097152                                   {product} {ergonomic}
   size_t MinHeapSize                              = 8388608                                   {product} {ergonomic}
    uintx NonNMethodCodeHeapSize                   = 5839372                                {pd product} {ergonomic}
    uintx NonProfiledCodeHeapSize                  = 122909434                              {pd product} {ergonomic}
    uintx ProfiledCodeHeapSize                     = 122909434                              {pd product} {ergonomic}
    uintx ReservedCodeCacheSize                    = 251658240                              {pd product} {ergonomic}
     bool SegmentedCodeCache                       = true                                      {product} {ergonomic}
   size_t SoftMaxHeapSize                          = 4271898624                             {manageable} {ergonomic}
     bool UseCompressedOops                        = true                           {product lp64_product} {ergonomic}
     bool UseG1GC                                  = true                                      {product} {ergonomic}
     bool UseLargePagesIndividualAllocation        = false                                  {pd product} {ergonomic}

Logging:
Log output configuration:
 #0: stdout all=warning uptime,level,tags foldmultilines=false
 #1: stderr all=off uptime,level,tags foldmultilines=false

Environment Variables:
JAVA_HOME=C:\Program Files\Java\jdk-21
PATH=C:\Program Files\Git\mingw64\libexec\git-core;C:\Program Files\Git\mingw64\libexec\git-core;C:\Program Files\Git\mingw64\bin;C:\Program Files\Git\usr\bin;C:\Users\Zaved\bin;C:\Program Files\Common Files\Oracle\Java\javapath;C:\WINDOWS\system32;C:\WINDOWS;C:\WINDOWS\System32\Wbem;C:\WINDOWS\System32\WindowsPowerShell\v1.0;C:\WINDOWS\System32\OpenSSH;C:\Program Files\dotnet;C:\Program Files (x86)\NVIDIA Corporation\PhysX\Common;C:\Program Files\iMA Menu\python312;C:\Users\Zaved\AppData\Local\Android\Sdk;C:\Program Files\Neovim\bin;C:\Program Files\nodejs;C:\Program Files\Git\cmd;C:\Users\Zaved\AppData\Local\kobweb-0.9.18\bin;C:\Users\Zaved\AppData\Local\Programs\Python\Launcher;C:\Users\Zaved\AppData\Local\UniGetUI\Chocolatey\bin;C:\Users\Zaved\AppData\Local\Microsoft\WindowsApps;C:\Users\Zaved\AppData\Local\Microsoft\WindowsApps;C:\Users\Zaved\AppData\Local\Programs\Microsoft VS Code\bin;C:\Users\Zaved\AppData\Local\Android\Sdk\platform-tools;C:\Users\Zaved\AppData\Roaming\npm;C:\Users\Zaved\AppData\Local\JetBrains\Toolbox\scripts;C:\Program Files\JetBrains\PyCharm Community Edition 2025.1.1.1\bin
USERNAME=Zaved
DISPLAY=:0.0
LC_ALL=en_US.UTF-8
TERM=xterm-256color
TMPDIR=C:\Users\Zaved\AppData\Local\Temp
OS=Windows_NT
PROCESSOR_IDENTIFIER=Intel64 Family 6 Model 158 Stepping 10, GenuineIntel
TMP=C:\Users\Zaved\AppData\Local\Temp
TEMP=C:\Users\Zaved\AppData\Local\Temp




Periodic native trim disabled

JNI global refs:
JNI global refs: 0, weak refs: 0

JNI global refs memory usage: 0, weak refs: 0

Process memory usage:
Resident Set Size: 11676K (0% of 16686196K total physical memory with 1569804K free physical memory)

OOME stack traces (most recent first):
Classloader memory used:

---------------  S Y S T E M  ---------------

OS:
 Windows 11 , 64 bit Build 22621 (10.0.22621.4830)
OS uptime: 3 days 9:26 hours
Hyper-V role detected

CPU: total 8 (initial active 8) (4 cores per cpu, 2 threads per core) family 6 model 158 stepping 10 microcode 0xf0, cx8, cmov, fxsr, ht, mmx, 3dnowpref, sse, sse2, sse3, ssse3, sse4.1, sse4.2, popcnt, lzcnt, tsc, tscinvbit, avx, avx2, aes, erms, clmul, bmi1, bmi2, adx, fma, vzeroupper, clflush, clflushopt, hv, rdtscp, f16c
Processor Information for the first 8 processors :
  Max Mhz: 2400, Current Mhz: 2400, Mhz Limit: 2400

Memory: 4k page, system-wide physical 16295M (1533M free)
TotalPageFile size 16295M (AvailPageFile size 180M)
current process WorkingSet (physical memory assigned to process): 11M, peak: 11M
current process commit charge ("private bytes"): 60M, peak: 316M

vm_info: OpenJDK 64-Bit Server VM (21.0.6+-13368085-b895.109) for windows-amd64 JRE (21.0.6+-13368085-b895.109), built on 2025-04-16T17:01:31Z by "builder" with MS VC++ 16.10 / 16.11 (VS2019)

END.
